

Microchip MPLAB XC8 Assembler V2.05 build -831301201 
                                                                                               Mon Apr 04 11:37:00 2022

Microchip MPLAB XC8 C Compiler v2.05 (Free license) build 20181220022703 Og1 
     1                           	processor	16F1787
     2                           	opt	pw 120
     3                           	opt	flic
     4                           	psect	cinit,global,class=CODE,merge=1,delta=2
     5                           	psect	cstackCOMMON,global,class=COMMON,space=1,delta=1
     6                           	psect	cstackBANK0,global,class=BANK0,space=1,delta=1
     7                           	psect	maintext,global,class=CODE,merge=1,split=1,delta=2
     8                           	psect	text1,local,class=CODE,merge=1,delta=2
     9                           	psect	text2,local,class=CODE,merge=1,delta=2
    10                           	dabs	1,0x7E,2
    11  0000                     
    12                           ; Version 2.05
    13                           ; Generated 20/12/2018 GMT
    14                           ; 
    15                           ; Copyright © 2018, Microchip Technology Inc. and its subsidiaries ("Microchip")
    16                           ; All rights reserved.
    17                           ; 
    18                           ; This software is developed by Microchip Technology Inc. and its subsidiaries ("Microch
      +                          ip").
    19                           ; 
    20                           ; Redistribution and use in source and binary forms, with or without modification, are
    21                           ; permitted provided that the following conditions are met:
    22                           ; 
    23                           ;     1. Redistributions of source code must retain the above copyright notice, this lis
      +                          t of
    24                           ;        conditions and the following disclaimer.
    25                           ; 
    26                           ;     2. Redistributions in binary form must reproduce the above copyright notice, this 
      +                          list
    27                           ;        of conditions and the following disclaimer in the documentation and/or other
    28                           ;        materials provided with the distribution.
    29                           ; 
    30                           ;     3. Microchip's name may not be used to endorse or promote products derived from th
      +                          is
    31                           ;        software without specific prior written permission.
    32                           ; 
    33                           ; THIS SOFTWARE IS PROVIDED BY MICROCHIP "AS IS" AND ANY EXPRESS OR IMPLIED WARRANTIES,
    34                           ; INCLUDING, BUT NOT LIMITED TO, THE IMPLIED WARRANTIES OF MERCHANTABILITY AND FITNESS F
      +                          OR
    35                           ; PURPOSE ARE DISCLAIMED.  IN NO EVENT SHALL MICROCHIP BE LIABLE FOR ANY DIRECT, INDIREC
      +                          T,
    36                           ; INCIDENTAL, SPECIAL, EXEMPLARY, OR CONSEQUENTIAL DAMAGES (INCLUDING BUT NOT LIMITED TO
    37                           ; PROCUREMENT OF SUBSTITUTE GOODS OR SERVICES; LOSS OF USE, DATA OR PROFITS; OR BUSINESS
    38                           ; INTERRUPTION) HOWSOEVER CAUSED AND ON ANY THEORY OF LIABILITY, WHETHER IN CONTRACT, ST
      +                          RICT
    39                           ; LIABILITY, OR TORT (INCLUDING NEGLIGENCE OR OTHERWISE) ARISING IN ANY WAY OUT OF THE U
      +                          SE OF
    40                           ; THIS SOFTWARE, EVEN IF ADVISED OF THE POSSIBILITY OF SUCH DAMAGE.
    41                           ; 
    42                           ; 
    43                           ; Code-generator required, PIC16F1787 Definitions
    44                           ; 
    45                           ; SFR Addresses
    46  0000                     	;# 
    47  0001                     	;# 
    48  0002                     	;# 
    49  0003                     	;# 
    50  0004                     	;# 
    51  0005                     	;# 
    52  0006                     	;# 
    53  0007                     	;# 
    54  0008                     	;# 
    55  0009                     	;# 
    56  000A                     	;# 
    57  000B                     	;# 
    58  000C                     	;# 
    59  000D                     	;# 
    60  000E                     	;# 
    61  000F                     	;# 
    62  0010                     	;# 
    63  0011                     	;# 
    64  0012                     	;# 
    65  0013                     	;# 
    66  0014                     	;# 
    67  0015                     	;# 
    68  0016                     	;# 
    69  0016                     	;# 
    70  0017                     	;# 
    71  0018                     	;# 
    72  0019                     	;# 
    73  001A                     	;# 
    74  001B                     	;# 
    75  001C                     	;# 
    76  008C                     	;# 
    77  008D                     	;# 
    78  008E                     	;# 
    79  008F                     	;# 
    80  0090                     	;# 
    81  0091                     	;# 
    82  0092                     	;# 
    83  0093                     	;# 
    84  0094                     	;# 
    85  0095                     	;# 
    86  0096                     	;# 
    87  0097                     	;# 
    88  0098                     	;# 
    89  0099                     	;# 
    90  009A                     	;# 
    91  009B                     	;# 
    92  009B                     	;# 
    93  009C                     	;# 
    94  009D                     	;# 
    95  009E                     	;# 
    96  009F                     	;# 
    97  010C                     	;# 
    98  010D                     	;# 
    99  010E                     	;# 
   100  010F                     	;# 
   101  0110                     	;# 
   102  0111                     	;# 
   103  0112                     	;# 
   104  0113                     	;# 
   105  0114                     	;# 
   106  0115                     	;# 
   107  0116                     	;# 
   108  0117                     	;# 
   109  0118                     	;# 
   110  0119                     	;# 
   111  011A                     	;# 
   112  011B                     	;# 
   113  011C                     	;# 
   114  011D                     	;# 
   115  011D                     	;# 
   116  011D                     	;# 
   117  011E                     	;# 
   118  011F                     	;# 
   119  018C                     	;# 
   120  018D                     	;# 
   121  018F                     	;# 
   122  0190                     	;# 
   123  0191                     	;# 
   124  0191                     	;# 
   125  0192                     	;# 
   126  0193                     	;# 
   127  0193                     	;# 
   128  0193                     	;# 
   129  0194                     	;# 
   130  0195                     	;# 
   131  0196                     	;# 
   132  0197                     	;# 
   133  0199                     	;# 
   134  0199                     	;# 
   135  0199                     	;# 
   136  019A                     	;# 
   137  019A                     	;# 
   138  019A                     	;# 
   139  019B                     	;# 
   140  019B                     	;# 
   141  019B                     	;# 
   142  019B                     	;# 
   143  019B                     	;# 
   144  019C                     	;# 
   145  019C                     	;# 
   146  019C                     	;# 
   147  019D                     	;# 
   148  019D                     	;# 
   149  019D                     	;# 
   150  019E                     	;# 
   151  019E                     	;# 
   152  019E                     	;# 
   153  019F                     	;# 
   154  019F                     	;# 
   155  019F                     	;# 
   156  019F                     	;# 
   157  019F                     	;# 
   158  020C                     	;# 
   159  020D                     	;# 
   160  020E                     	;# 
   161  020F                     	;# 
   162  0210                     	;# 
   163  0211                     	;# 
   164  0211                     	;# 
   165  0212                     	;# 
   166  0212                     	;# 
   167  0213                     	;# 
   168  0213                     	;# 
   169  0214                     	;# 
   170  0214                     	;# 
   171  0215                     	;# 
   172  0215                     	;# 
   173  0215                     	;# 
   174  0215                     	;# 
   175  0216                     	;# 
   176  0216                     	;# 
   177  0217                     	;# 
   178  0217                     	;# 
   179  028C                     	;# 
   180  028D                     	;# 
   181  028E                     	;# 
   182  028F                     	;# 
   183  0290                     	;# 
   184  0291                     	;# 
   185  0291                     	;# 
   186  0292                     	;# 
   187  0293                     	;# 
   188  0298                     	;# 
   189  0298                     	;# 
   190  0299                     	;# 
   191  029A                     	;# 
   192  030C                     	;# 
   193  030D                     	;# 
   194  030E                     	;# 
   195  030F                     	;# 
   196  0310                     	;# 
   197  0311                     	;# 
   198  0311                     	;# 
   199  0312                     	;# 
   200  0313                     	;# 
   201  038C                     	;# 
   202  038D                     	;# 
   203  038E                     	;# 
   204  038F                     	;# 
   205  0390                     	;# 
   206  0391                     	;# 
   207  0392                     	;# 
   208  0393                     	;# 
   209  0394                     	;# 
   210  0395                     	;# 
   211  0396                     	;# 
   212  0397                     	;# 
   213  0398                     	;# 
   214  0399                     	;# 
   215  039D                     	;# 
   216  039E                     	;# 
   217  039F                     	;# 
   218  0511                     	;# 
   219  0513                     	;# 
   220  0515                     	;# 
   221  051A                     	;# 
   222  0811                     	;# 
   223  0812                     	;# 
   224  0813                     	;# 
   225  0814                     	;# 
   226  0815                     	;# 
   227  0816                     	;# 
   228  0817                     	;# 
   229  0818                     	;# 
   230  0819                     	;# 
   231  081A                     	;# 
   232  081B                     	;# 
   233  081C                     	;# 
   234  081D                     	;# 
   235  081E                     	;# 
   236  081F                     	;# 
   237  0820                     	;# 
   238  0821                     	;# 
   239  0821                     	;# 
   240  0822                     	;# 
   241  0823                     	;# 
   242  0823                     	;# 
   243  0824                     	;# 
   244  0825                     	;# 
   245  0825                     	;# 
   246  0826                     	;# 
   247  0827                     	;# 
   248  0827                     	;# 
   249  0828                     	;# 
   250  0829                     	;# 
   251  082A                     	;# 
   252  082B                     	;# 
   253  082C                     	;# 
   254  082D                     	;# 
   255  082E                     	;# 
   256  082F                     	;# 
   257  0831                     	;# 
   258  0832                     	;# 
   259  0833                     	;# 
   260  0834                     	;# 
   261  0835                     	;# 
   262  0836                     	;# 
   263  0837                     	;# 
   264  0838                     	;# 
   265  0839                     	;# 
   266  083A                     	;# 
   267  083B                     	;# 
   268  083C                     	;# 
   269  083D                     	;# 
   270  083E                     	;# 
   271  083F                     	;# 
   272  0840                     	;# 
   273  0841                     	;# 
   274  0841                     	;# 
   275  0842                     	;# 
   276  0843                     	;# 
   277  0843                     	;# 
   278  0844                     	;# 
   279  0845                     	;# 
   280  0845                     	;# 
   281  0846                     	;# 
   282  0847                     	;# 
   283  0847                     	;# 
   284  0848                     	;# 
   285  0849                     	;# 
   286  084A                     	;# 
   287  084B                     	;# 
   288  084C                     	;# 
   289  084D                     	;# 
   290  084E                     	;# 
   291  084F                     	;# 
   292  0851                     	;# 
   293  0852                     	;# 
   294  0853                     	;# 
   295  0854                     	;# 
   296  0855                     	;# 
   297  0856                     	;# 
   298  0857                     	;# 
   299  0858                     	;# 
   300  0859                     	;# 
   301  085A                     	;# 
   302  085B                     	;# 
   303  085C                     	;# 
   304  085D                     	;# 
   305  085E                     	;# 
   306  085F                     	;# 
   307  0860                     	;# 
   308  0861                     	;# 
   309  0861                     	;# 
   310  0862                     	;# 
   311  0863                     	;# 
   312  0863                     	;# 
   313  0864                     	;# 
   314  0865                     	;# 
   315  0865                     	;# 
   316  0866                     	;# 
   317  0867                     	;# 
   318  0867                     	;# 
   319  0868                     	;# 
   320  0869                     	;# 
   321  086A                     	;# 
   322  086B                     	;# 
   323  086C                     	;# 
   324  086D                     	;# 
   325  086E                     	;# 
   326  086F                     	;# 
   327  0FE4                     	;# 
   328  0FE5                     	;# 
   329  0FE6                     	;# 
   330  0FE7                     	;# 
   331  0FE8                     	;# 
   332  0FE9                     	;# 
   333  0FEA                     	;# 
   334  0FEB                     	;# 
   335  0FED                     	;# 
   336  0FEE                     	;# 
   337  0FEF                     	;# 
   338  0000                     	;# 
   339  0001                     	;# 
   340  0002                     	;# 
   341  0003                     	;# 
   342  0004                     	;# 
   343  0005                     	;# 
   344  0006                     	;# 
   345  0007                     	;# 
   346  0008                     	;# 
   347  0009                     	;# 
   348  000A                     	;# 
   349  000B                     	;# 
   350  000C                     	;# 
   351  000D                     	;# 
   352  000E                     	;# 
   353  000F                     	;# 
   354  0010                     	;# 
   355  0011                     	;# 
   356  0012                     	;# 
   357  0013                     	;# 
   358  0014                     	;# 
   359  0015                     	;# 
   360  0016                     	;# 
   361  0016                     	;# 
   362  0017                     	;# 
   363  0018                     	;# 
   364  0019                     	;# 
   365  001A                     	;# 
   366  001B                     	;# 
   367  001C                     	;# 
   368  008C                     	;# 
   369  008D                     	;# 
   370  008E                     	;# 
   371  008F                     	;# 
   372  0090                     	;# 
   373  0091                     	;# 
   374  0092                     	;# 
   375  0093                     	;# 
   376  0094                     	;# 
   377  0095                     	;# 
   378  0096                     	;# 
   379  0097                     	;# 
   380  0098                     	;# 
   381  0099                     	;# 
   382  009A                     	;# 
   383  009B                     	;# 
   384  009B                     	;# 
   385  009C                     	;# 
   386  009D                     	;# 
   387  009E                     	;# 
   388  009F                     	;# 
   389  010C                     	;# 
   390  010D                     	;# 
   391  010E                     	;# 
   392  010F                     	;# 
   393  0110                     	;# 
   394  0111                     	;# 
   395  0112                     	;# 
   396  0113                     	;# 
   397  0114                     	;# 
   398  0115                     	;# 
   399  0116                     	;# 
   400  0117                     	;# 
   401  0118                     	;# 
   402  0119                     	;# 
   403  011A                     	;# 
   404  011B                     	;# 
   405  011C                     	;# 
   406  011D                     	;# 
   407  011D                     	;# 
   408  011D                     	;# 
   409  011E                     	;# 
   410  011F                     	;# 
   411  018C                     	;# 
   412  018D                     	;# 
   413  018F                     	;# 
   414  0190                     	;# 
   415  0191                     	;# 
   416  0191                     	;# 
   417  0192                     	;# 
   418  0193                     	;# 
   419  0193                     	;# 
   420  0193                     	;# 
   421  0194                     	;# 
   422  0195                     	;# 
   423  0196                     	;# 
   424  0197                     	;# 
   425  0199                     	;# 
   426  0199                     	;# 
   427  0199                     	;# 
   428  019A                     	;# 
   429  019A                     	;# 
   430  019A                     	;# 
   431  019B                     	;# 
   432  019B                     	;# 
   433  019B                     	;# 
   434  019B                     	;# 
   435  019B                     	;# 
   436  019C                     	;# 
   437  019C                     	;# 
   438  019C                     	;# 
   439  019D                     	;# 
   440  019D                     	;# 
   441  019D                     	;# 
   442  019E                     	;# 
   443  019E                     	;# 
   444  019E                     	;# 
   445  019F                     	;# 
   446  019F                     	;# 
   447  019F                     	;# 
   448  019F                     	;# 
   449  019F                     	;# 
   450  020C                     	;# 
   451  020D                     	;# 
   452  020E                     	;# 
   453  020F                     	;# 
   454  0210                     	;# 
   455  0211                     	;# 
   456  0211                     	;# 
   457  0212                     	;# 
   458  0212                     	;# 
   459  0213                     	;# 
   460  0213                     	;# 
   461  0214                     	;# 
   462  0214                     	;# 
   463  0215                     	;# 
   464  0215                     	;# 
   465  0215                     	;# 
   466  0215                     	;# 
   467  0216                     	;# 
   468  0216                     	;# 
   469  0217                     	;# 
   470  0217                     	;# 
   471  028C                     	;# 
   472  028D                     	;# 
   473  028E                     	;# 
   474  028F                     	;# 
   475  0290                     	;# 
   476  0291                     	;# 
   477  0291                     	;# 
   478  0292                     	;# 
   479  0293                     	;# 
   480  0298                     	;# 
   481  0298                     	;# 
   482  0299                     	;# 
   483  029A                     	;# 
   484  030C                     	;# 
   485  030D                     	;# 
   486  030E                     	;# 
   487  030F                     	;# 
   488  0310                     	;# 
   489  0311                     	;# 
   490  0311                     	;# 
   491  0312                     	;# 
   492  0313                     	;# 
   493  038C                     	;# 
   494  038D                     	;# 
   495  038E                     	;# 
   496  038F                     	;# 
   497  0390                     	;# 
   498  0391                     	;# 
   499  0392                     	;# 
   500  0393                     	;# 
   501  0394                     	;# 
   502  0395                     	;# 
   503  0396                     	;# 
   504  0397                     	;# 
   505  0398                     	;# 
   506  0399                     	;# 
   507  039D                     	;# 
   508  039E                     	;# 
   509  039F                     	;# 
   510  0511                     	;# 
   511  0513                     	;# 
   512  0515                     	;# 
   513  051A                     	;# 
   514  0811                     	;# 
   515  0812                     	;# 
   516  0813                     	;# 
   517  0814                     	;# 
   518  0815                     	;# 
   519  0816                     	;# 
   520  0817                     	;# 
   521  0818                     	;# 
   522  0819                     	;# 
   523  081A                     	;# 
   524  081B                     	;# 
   525  081C                     	;# 
   526  081D                     	;# 
   527  081E                     	;# 
   528  081F                     	;# 
   529  0820                     	;# 
   530  0821                     	;# 
   531  0821                     	;# 
   532  0822                     	;# 
   533  0823                     	;# 
   534  0823                     	;# 
   535  0824                     	;# 
   536  0825                     	;# 
   537  0825                     	;# 
   538  0826                     	;# 
   539  0827                     	;# 
   540  0827                     	;# 
   541  0828                     	;# 
   542  0829                     	;# 
   543  082A                     	;# 
   544  082B                     	;# 
   545  082C                     	;# 
   546  082D                     	;# 
   547  082E                     	;# 
   548  082F                     	;# 
   549  0831                     	;# 
   550  0832                     	;# 
   551  0833                     	;# 
   552  0834                     	;# 
   553  0835                     	;# 
   554  0836                     	;# 
   555  0837                     	;# 
   556  0838                     	;# 
   557  0839                     	;# 
   558  083A                     	;# 
   559  083B                     	;# 
   560  083C                     	;# 
   561  083D                     	;# 
   562  083E                     	;# 
   563  083F                     	;# 
   564  0840                     	;# 
   565  0841                     	;# 
   566  0841                     	;# 
   567  0842                     	;# 
   568  0843                     	;# 
   569  0843                     	;# 
   570  0844                     	;# 
   571  0845                     	;# 
   572  0845                     	;# 
   573  0846                     	;# 
   574  0847                     	;# 
   575  0847                     	;# 
   576  0848                     	;# 
   577  0849                     	;# 
   578  084A                     	;# 
   579  084B                     	;# 
   580  084C                     	;# 
   581  084D                     	;# 
   582  084E                     	;# 
   583  084F                     	;# 
   584  0851                     	;# 
   585  0852                     	;# 
   586  0853                     	;# 
   587  0854                     	;# 
   588  0855                     	;# 
   589  0856                     	;# 
   590  0857                     	;# 
   591  0858                     	;# 
   592  0859                     	;# 
   593  085A                     	;# 
   594  085B                     	;# 
   595  085C                     	;# 
   596  085D                     	;# 
   597  085E                     	;# 
   598  085F                     	;# 
   599  0860                     	;# 
   600  0861                     	;# 
   601  0861                     	;# 
   602  0862                     	;# 
   603  0863                     	;# 
   604  0863                     	;# 
   605  0864                     	;# 
   606  0865                     	;# 
   607  0865                     	;# 
   608  0866                     	;# 
   609  0867                     	;# 
   610  0867                     	;# 
   611  0868                     	;# 
   612  0869                     	;# 
   613  086A                     	;# 
   614  086B                     	;# 
   615  086C                     	;# 
   616  086D                     	;# 
   617  086E                     	;# 
   618  086F                     	;# 
   619  0FE4                     	;# 
   620  0FE5                     	;# 
   621  0FE6                     	;# 
   622  0FE7                     	;# 
   623  0FE8                     	;# 
   624  0FE9                     	;# 
   625  0FEA                     	;# 
   626  0FEB                     	;# 
   627  0FED                     	;# 
   628  0FEE                     	;# 
   629  0FEF                     	;# 
   630  0000                     	;# 
   631  0001                     	;# 
   632  0002                     	;# 
   633  0003                     	;# 
   634  0004                     	;# 
   635  0005                     	;# 
   636  0006                     	;# 
   637  0007                     	;# 
   638  0008                     	;# 
   639  0009                     	;# 
   640  000A                     	;# 
   641  000B                     	;# 
   642  000C                     	;# 
   643  000D                     	;# 
   644  000E                     	;# 
   645  000F                     	;# 
   646  0010                     	;# 
   647  0011                     	;# 
   648  0012                     	;# 
   649  0013                     	;# 
   650  0014                     	;# 
   651  0015                     	;# 
   652  0016                     	;# 
   653  0016                     	;# 
   654  0017                     	;# 
   655  0018                     	;# 
   656  0019                     	;# 
   657  001A                     	;# 
   658  001B                     	;# 
   659  001C                     	;# 
   660  008C                     	;# 
   661  008D                     	;# 
   662  008E                     	;# 
   663  008F                     	;# 
   664  0090                     	;# 
   665  0091                     	;# 
   666  0092                     	;# 
   667  0093                     	;# 
   668  0094                     	;# 
   669  0095                     	;# 
   670  0096                     	;# 
   671  0097                     	;# 
   672  0098                     	;# 
   673  0099                     	;# 
   674  009A                     	;# 
   675  009B                     	;# 
   676  009B                     	;# 
   677  009C                     	;# 
   678  009D                     	;# 
   679  009E                     	;# 
   680  009F                     	;# 
   681  010C                     	;# 
   682  010D                     	;# 
   683  010E                     	;# 
   684  010F                     	;# 
   685  0110                     	;# 
   686  0111                     	;# 
   687  0112                     	;# 
   688  0113                     	;# 
   689  0114                     	;# 
   690  0115                     	;# 
   691  0116                     	;# 
   692  0117                     	;# 
   693  0118                     	;# 
   694  0119                     	;# 
   695  011A                     	;# 
   696  011B                     	;# 
   697  011C                     	;# 
   698  011D                     	;# 
   699  011D                     	;# 
   700  011D                     	;# 
   701  011E                     	;# 
   702  011F                     	;# 
   703  018C                     	;# 
   704  018D                     	;# 
   705  018F                     	;# 
   706  0190                     	;# 
   707  0191                     	;# 
   708  0191                     	;# 
   709  0192                     	;# 
   710  0193                     	;# 
   711  0193                     	;# 
   712  0193                     	;# 
   713  0194                     	;# 
   714  0195                     	;# 
   715  0196                     	;# 
   716  0197                     	;# 
   717  0199                     	;# 
   718  0199                     	;# 
   719  0199                     	;# 
   720  019A                     	;# 
   721  019A                     	;# 
   722  019A                     	;# 
   723  019B                     	;# 
   724  019B                     	;# 
   725  019B                     	;# 
   726  019B                     	;# 
   727  019B                     	;# 
   728  019C                     	;# 
   729  019C                     	;# 
   730  019C                     	;# 
   731  019D                     	;# 
   732  019D                     	;# 
   733  019D                     	;# 
   734  019E                     	;# 
   735  019E                     	;# 
   736  019E                     	;# 
   737  019F                     	;# 
   738  019F                     	;# 
   739  019F                     	;# 
   740  019F                     	;# 
   741  019F                     	;# 
   742  020C                     	;# 
   743  020D                     	;# 
   744  020E                     	;# 
   745  020F                     	;# 
   746  0210                     	;# 
   747  0211                     	;# 
   748  0211                     	;# 
   749  0212                     	;# 
   750  0212                     	;# 
   751  0213                     	;# 
   752  0213                     	;# 
   753  0214                     	;# 
   754  0214                     	;# 
   755  0215                     	;# 
   756  0215                     	;# 
   757  0215                     	;# 
   758  0215                     	;# 
   759  0216                     	;# 
   760  0216                     	;# 
   761  0217                     	;# 
   762  0217                     	;# 
   763  028C                     	;# 
   764  028D                     	;# 
   765  028E                     	;# 
   766  028F                     	;# 
   767  0290                     	;# 
   768  0291                     	;# 
   769  0291                     	;# 
   770  0292                     	;# 
   771  0293                     	;# 
   772  0298                     	;# 
   773  0298                     	;# 
   774  0299                     	;# 
   775  029A                     	;# 
   776  030C                     	;# 
   777  030D                     	;# 
   778  030E                     	;# 
   779  030F                     	;# 
   780  0310                     	;# 
   781  0311                     	;# 
   782  0311                     	;# 
   783  0312                     	;# 
   784  0313                     	;# 
   785  038C                     	;# 
   786  038D                     	;# 
   787  038E                     	;# 
   788  038F                     	;# 
   789  0390                     	;# 
   790  0391                     	;# 
   791  0392                     	;# 
   792  0393                     	;# 
   793  0394                     	;# 
   794  0395                     	;# 
   795  0396                     	;# 
   796  0397                     	;# 
   797  0398                     	;# 
   798  0399                     	;# 
   799  039D                     	;# 
   800  039E                     	;# 
   801  039F                     	;# 
   802  0511                     	;# 
   803  0513                     	;# 
   804  0515                     	;# 
   805  051A                     	;# 
   806  0811                     	;# 
   807  0812                     	;# 
   808  0813                     	;# 
   809  0814                     	;# 
   810  0815                     	;# 
   811  0816                     	;# 
   812  0817                     	;# 
   813  0818                     	;# 
   814  0819                     	;# 
   815  081A                     	;# 
   816  081B                     	;# 
   817  081C                     	;# 
   818  081D                     	;# 
   819  081E                     	;# 
   820  081F                     	;# 
   821  0820                     	;# 
   822  0821                     	;# 
   823  0821                     	;# 
   824  0822                     	;# 
   825  0823                     	;# 
   826  0823                     	;# 
   827  0824                     	;# 
   828  0825                     	;# 
   829  0825                     	;# 
   830  0826                     	;# 
   831  0827                     	;# 
   832  0827                     	;# 
   833  0828                     	;# 
   834  0829                     	;# 
   835  082A                     	;# 
   836  082B                     	;# 
   837  082C                     	;# 
   838  082D                     	;# 
   839  082E                     	;# 
   840  082F                     	;# 
   841  0831                     	;# 
   842  0832                     	;# 
   843  0833                     	;# 
   844  0834                     	;# 
   845  0835                     	;# 
   846  0836                     	;# 
   847  0837                     	;# 
   848  0838                     	;# 
   849  0839                     	;# 
   850  083A                     	;# 
   851  083B                     	;# 
   852  083C                     	;# 
   853  083D                     	;# 
   854  083E                     	;# 
   855  083F                     	;# 
   856  0840                     	;# 
   857  0841                     	;# 
   858  0841                     	;# 
   859  0842                     	;# 
   860  0843                     	;# 
   861  0843                     	;# 
   862  0844                     	;# 
   863  0845                     	;# 
   864  0845                     	;# 
   865  0846                     	;# 
   866  0847                     	;# 
   867  0847                     	;# 
   868  0848                     	;# 
   869  0849                     	;# 
   870  084A                     	;# 
   871  084B                     	;# 
   872  084C                     	;# 
   873  084D                     	;# 
   874  084E                     	;# 
   875  084F                     	;# 
   876  0851                     	;# 
   877  0852                     	;# 
   878  0853                     	;# 
   879  0854                     	;# 
   880  0855                     	;# 
   881  0856                     	;# 
   882  0857                     	;# 
   883  0858                     	;# 
   884  0859                     	;# 
   885  085A                     	;# 
   886  085B                     	;# 
   887  085C                     	;# 
   888  085D                     	;# 
   889  085E                     	;# 
   890  085F                     	;# 
   891  0860                     	;# 
   892  0861                     	;# 
   893  0861                     	;# 
   894  0862                     	;# 
   895  0863                     	;# 
   896  0863                     	;# 
   897  0864                     	;# 
   898  0865                     	;# 
   899  0865                     	;# 
   900  0866                     	;# 
   901  0867                     	;# 
   902  0867                     	;# 
   903  0868                     	;# 
   904  0869                     	;# 
   905  086A                     	;# 
   906  086B                     	;# 
   907  086C                     	;# 
   908  086D                     	;# 
   909  086E                     	;# 
   910  086F                     	;# 
   911  0FE4                     	;# 
   912  0FE5                     	;# 
   913  0FE6                     	;# 
   914  0FE7                     	;# 
   915  0FE8                     	;# 
   916  0FE9                     	;# 
   917  0FEA                     	;# 
   918  0FEB                     	;# 
   919  0FED                     	;# 
   920  0FEE                     	;# 
   921  0FEF                     	;# 
   922  0000                     	;# 
   923  0001                     	;# 
   924  0002                     	;# 
   925  0003                     	;# 
   926  0004                     	;# 
   927  0005                     	;# 
   928  0006                     	;# 
   929  0007                     	;# 
   930  0008                     	;# 
   931  0009                     	;# 
   932  000A                     	;# 
   933  000B                     	;# 
   934  000C                     	;# 
   935  000D                     	;# 
   936  000E                     	;# 
   937  000F                     	;# 
   938  0010                     	;# 
   939  0011                     	;# 
   940  0012                     	;# 
   941  0013                     	;# 
   942  0014                     	;# 
   943  0015                     	;# 
   944  0016                     	;# 
   945  0016                     	;# 
   946  0017                     	;# 
   947  0018                     	;# 
   948  0019                     	;# 
   949  001A                     	;# 
   950  001B                     	;# 
   951  001C                     	;# 
   952  008C                     	;# 
   953  008D                     	;# 
   954  008E                     	;# 
   955  008F                     	;# 
   956  0090                     	;# 
   957  0091                     	;# 
   958  0092                     	;# 
   959  0093                     	;# 
   960  0094                     	;# 
   961  0095                     	;# 
   962  0096                     	;# 
   963  0097                     	;# 
   964  0098                     	;# 
   965  0099                     	;# 
   966  009A                     	;# 
   967  009B                     	;# 
   968  009B                     	;# 
   969  009C                     	;# 
   970  009D                     	;# 
   971  009E                     	;# 
   972  009F                     	;# 
   973  010C                     	;# 
   974  010D                     	;# 
   975  010E                     	;# 
   976  010F                     	;# 
   977  0110                     	;# 
   978  0111                     	;# 
   979  0112                     	;# 
   980  0113                     	;# 
   981  0114                     	;# 
   982  0115                     	;# 
   983  0116                     	;# 
   984  0117                     	;# 
   985  0118                     	;# 
   986  0119                     	;# 
   987  011A                     	;# 
   988  011B                     	;# 
   989  011C                     	;# 
   990  011D                     	;# 
   991  011D                     	;# 
   992  011D                     	;# 
   993  011E                     	;# 
   994  011F                     	;# 
   995  018C                     	;# 
   996  018D                     	;# 
   997  018F                     	;# 
   998  0190                     	;# 
   999  0191                     	;# 
  1000  0191                     	;# 
  1001  0192                     	;# 
  1002  0193                     	;# 
  1003  0193                     	;# 
  1004  0193                     	;# 
  1005  0194                     	;# 
  1006  0195                     	;# 
  1007  0196                     	;# 
  1008  0197                     	;# 
  1009  0199                     	;# 
  1010  0199                     	;# 
  1011  0199                     	;# 
  1012  019A                     	;# 
  1013  019A                     	;# 
  1014  019A                     	;# 
  1015  019B                     	;# 
  1016  019B                     	;# 
  1017  019B                     	;# 
  1018  019B                     	;# 
  1019  019B                     	;# 
  1020  019C                     	;# 
  1021  019C                     	;# 
  1022  019C                     	;# 
  1023  019D                     	;# 
  1024  019D                     	;# 
  1025  019D                     	;# 
  1026  019E                     	;# 
  1027  019E                     	;# 
  1028  019E                     	;# 
  1029  019F                     	;# 
  1030  019F                     	;# 
  1031  019F                     	;# 
  1032  019F                     	;# 
  1033  019F                     	;# 
  1034  020C                     	;# 
  1035  020D                     	;# 
  1036  020E                     	;# 
  1037  020F                     	;# 
  1038  0210                     	;# 
  1039  0211                     	;# 
  1040  0211                     	;# 
  1041  0212                     	;# 
  1042  0212                     	;# 
  1043  0213                     	;# 
  1044  0213                     	;# 
  1045  0214                     	;# 
  1046  0214                     	;# 
  1047  0215                     	;# 
  1048  0215                     	;# 
  1049  0215                     	;# 
  1050  0215                     	;# 
  1051  0216                     	;# 
  1052  0216                     	;# 
  1053  0217                     	;# 
  1054  0217                     	;# 
  1055  028C                     	;# 
  1056  028D                     	;# 
  1057  028E                     	;# 
  1058  028F                     	;# 
  1059  0290                     	;# 
  1060  0291                     	;# 
  1061  0291                     	;# 
  1062  0292                     	;# 
  1063  0293                     	;# 
  1064  0298                     	;# 
  1065  0298                     	;# 
  1066  0299                     	;# 
  1067  029A                     	;# 
  1068  030C                     	;# 
  1069  030D                     	;# 
  1070  030E                     	;# 
  1071  030F                     	;# 
  1072  0310                     	;# 
  1073  0311                     	;# 
  1074  0311                     	;# 
  1075  0312                     	;# 
  1076  0313                     	;# 
  1077  038C                     	;# 
  1078  038D                     	;# 
  1079  038E                     	;# 
  1080  038F                     	;# 
  1081  0390                     	;# 
  1082  0391                     	;# 
  1083  0392                     	;# 
  1084  0393                     	;# 
  1085  0394                     	;# 
  1086  0395                     	;# 
  1087  0396                     	;# 
  1088  0397                     	;# 
  1089  0398                     	;# 
  1090  0399                     	;# 
  1091  039D                     	;# 
  1092  039E                     	;# 
  1093  039F                     	;# 
  1094  0511                     	;# 
  1095  0513                     	;# 
  1096  0515                     	;# 
  1097  051A                     	;# 
  1098  0811                     	;# 
  1099  0812                     	;# 
  1100  0813                     	;# 
  1101  0814                     	;# 
  1102  0815                     	;# 
  1103  0816                     	;# 
  1104  0817                     	;# 
  1105  0818                     	;# 
  1106  0819                     	;# 
  1107  081A                     	;# 
  1108  081B                     	;# 
  1109  081C                     	;# 
  1110  081D                     	;# 
  1111  081E                     	;# 
  1112  081F                     	;# 
  1113  0820                     	;# 
  1114  0821                     	;# 
  1115  0821                     	;# 
  1116  0822                     	;# 
  1117  0823                     	;# 
  1118  0823                     	;# 
  1119  0824                     	;# 
  1120  0825                     	;# 
  1121  0825                     	;# 
  1122  0826                     	;# 
  1123  0827                     	;# 
  1124  0827                     	;# 
  1125  0828                     	;# 
  1126  0829                     	;# 
  1127  082A                     	;# 
  1128  082B                     	;# 
  1129  082C                     	;# 
  1130  082D                     	;# 
  1131  082E                     	;# 
  1132  082F                     	;# 
  1133  0831                     	;# 
  1134  0832                     	;# 
  1135  0833                     	;# 
  1136  0834                     	;# 
  1137  0835                     	;# 
  1138  0836                     	;# 
  1139  0837                     	;# 
  1140  0838                     	;# 
  1141  0839                     	;# 
  1142  083A                     	;# 
  1143  083B                     	;# 
  1144  083C                     	;# 
  1145  083D                     	;# 
  1146  083E                     	;# 
  1147  083F                     	;# 
  1148  0840                     	;# 
  1149  0841                     	;# 
  1150  0841                     	;# 
  1151  0842                     	;# 
  1152  0843                     	;# 
  1153  0843                     	;# 
  1154  0844                     	;# 
  1155  0845                     	;# 
  1156  0845                     	;# 
  1157  0846                     	;# 
  1158  0847                     	;# 
  1159  0847                     	;# 
  1160  0848                     	;# 
  1161  0849                     	;# 
  1162  084A                     	;# 
  1163  084B                     	;# 
  1164  084C                     	;# 
  1165  084D                     	;# 
  1166  084E                     	;# 
  1167  084F                     	;# 
  1168  0851                     	;# 
  1169  0852                     	;# 
  1170  0853                     	;# 
  1171  0854                     	;# 
  1172  0855                     	;# 
  1173  0856                     	;# 
  1174  0857                     	;# 
  1175  0858                     	;# 
  1176  0859                     	;# 
  1177  085A                     	;# 
  1178  085B                     	;# 
  1179  085C                     	;# 
  1180  085D                     	;# 
  1181  085E                     	;# 
  1182  085F                     	;# 
  1183  0860                     	;# 
  1184  0861                     	;# 
  1185  0861                     	;# 
  1186  0862                     	;# 
  1187  0863                     	;# 
  1188  0863                     	;# 
  1189  0864                     	;# 
  1190  0865                     	;# 
  1191  0865                     	;# 
  1192  0866                     	;# 
  1193  0867                     	;# 
  1194  0867                     	;# 
  1195  0868                     	;# 
  1196  0869                     	;# 
  1197  086A                     	;# 
  1198  086B                     	;# 
  1199  086C                     	;# 
  1200  086D                     	;# 
  1201  086E                     	;# 
  1202  086F                     	;# 
  1203  0FE4                     	;# 
  1204  0FE5                     	;# 
  1205  0FE6                     	;# 
  1206  0FE7                     	;# 
  1207  0FE8                     	;# 
  1208  0FE9                     	;# 
  1209  0FEA                     	;# 
  1210  0FEB                     	;# 
  1211  0FED                     	;# 
  1212  0FEE                     	;# 
  1213  0FEF                     	;# 
  1214  046F                     _TRISB7	set	1135
  1215  046E                     _TRISB6	set	1134
  1216  046D                     _TRISB5	set	1133
  1217  011D                     _APFCON1bits	set	285
  1218  018D                     _ANSELBbits	set	397
  1219  0211                     _SSPBUF	set	529
  1220  0214                     _SSPSTATbits	set	532
  1221  0215                     _SSPCON1bits	set	533
  1222  10A0                     _BF	set	4256
  1223                           
  1224                           ; #config settings
  1225  0000                     
  1226                           	psect	cinit
  1227  07FD                     start_initialization:	
  1228  07FD                     __initialization:	
  1229  07FD                     end_of_initialization:	
  1230                           ;End of C runtime variable initialization code
  1231                           
  1232  07FD                     __end_of__initialization:	
  1233  07FD  0020               	movlb	0
  1234  07FE  3187  2FAC         	ljmp	_main	;jump to C main() function
  1235                           
  1236                           	psect	cstackCOMMON
  1237  0070                     __pcstackCOMMON:	
  1238  0070                     ?_SPI_init:	
  1239  0070                     ??_SPI_init:	
  1240                           ; 1 bytes @ 0x0
  1241                           
  1242  0070                     ?_SPI_write_array:	
  1243                           ; 1 bytes @ 0x0
  1244                           
  1245  0070                     ?_main:	
  1246                           ; 1 bytes @ 0x0
  1247                           
  1248  0070                     SPI_write_array@arrayindex:	
  1249                           ; 1 bytes @ 0x0
  1250                           
  1251                           
  1252                           ; 2 bytes @ 0x0
  1253  0070                     	ds	2
  1254  0072                     ??_SPI_write_array:	
  1255                           
  1256                           ; 1 bytes @ 0x2
  1257  0072                     	ds	3
  1258  0075                     SPI_write_array@data:	
  1259                           
  1260                           ; 2 bytes @ 0x5
  1261  0075                     	ds	2
  1262  0077                     SPI_write_array@array:	
  1263                           
  1264                           ; 1 bytes @ 0x7
  1265  0077                     	ds	1
  1266  0078                     SPI_write_array@i:	
  1267                           
  1268                           ; 2 bytes @ 0x8
  1269  0078                     	ds	2
  1270  007A                     ??_main:	
  1271                           
  1272                           	psect	cstackBANK0
  1273  0020                     __pcstackBANK0:	
  1274                           ; 1 bytes @ 0xA
  1275                           
  1276  0020                     main@buffer:	
  1277                           
  1278                           ; 8 bytes @ 0x0
  1279  0020                     	ds	8
  1280                           
  1281                           	psect	maintext
  1282  07AC                     __pmaintext:	
  1283 ;;
  1284 ;;Main: autosize = 0, tempsize = 0, incstack = 0, save=0
  1285 ;;
  1286 ;; *************** function _main *****************
  1287 ;; Defined at:
  1288 ;;		line 56 in file "main.c"
  1289 ;; Parameters:    Size  Location     Type
  1290 ;;		None
  1291 ;; Auto vars:     Size  Location     Type
  1292 ;;  buffer          8    0[BANK0 ] int [4]
  1293 ;; Return value:  Size  Location     Type
  1294 ;;                  1    wreg      void 
  1295 ;; Registers used:
  1296 ;;		wreg, fsr1l, fsr1h, status,2, status,0, pclath, cstack
  1297 ;; Tracked objects:
  1298 ;;		On entry : B1F/0
  1299 ;;		On exit  : 0/0
  1300 ;;		Unchanged: 0/0
  1301 ;; Data sizes:     COMMON   BANK0   BANK1   BANK2   BANK3   BANK4   BANK5   BANK6   BANK7   BANK8   BANK9  BANK10  BANK1
      +1  BANK12
  1302 ;;      Params:         0       0       0       0       0       0       0       0       0       0       0       0       
      +0       0
  1303 ;;      Locals:         0       8       0       0       0       0       0       0       0       0       0       0       
      +0       0
  1304 ;;      Temps:          0       0       0       0       0       0       0       0       0       0       0       0       
      +0       0
  1305 ;;      Totals:         0       8       0       0       0       0       0       0       0       0       0       0       
      +0       0
  1306 ;;Total ram usage:        8 bytes
  1307 ;; Hardware stack levels required when called:    1
  1308 ;; This function calls:
  1309 ;;		_SPI_init
  1310 ;;		_SPI_write_array
  1311 ;; This function is called by:
  1312 ;;		Startup code after reset
  1313 ;; This function uses a non-reentrant model
  1314 ;;
  1315                           
  1316                           
  1317                           ;psect for function _main
  1318  07AC                     _main:	
  1319                           
  1320                           ;main.c: 67: SPI_init();
  1321                           
  1322                           ;incstack = 0
  1323                           ; Regs used in _main: [wreg+fsr1l+fsr1h+status,2+status,0+pclath+cstack]
  1324  07AC  3187  2797  3187   	fcall	_SPI_init
  1325  07AF                     l754:	
  1326                           
  1327                           ;main.c: 74: int buffer[4];;main.c: 75: buffer[0] = 1;
  1328  07AF  3001               	movlw	1
  1329  07B0  0020               	movlb	0	; select bank0
  1330  07B1  00A0               	movwf	main@buffer
  1331  07B2  3000               	movlw	0
  1332  07B3  00A1               	movwf	main@buffer+1
  1333                           
  1334                           ;main.c: 76: buffer[1] = 2;
  1335  07B4  3002               	movlw	2
  1336  07B5  00A2               	movwf	main@buffer+2
  1337  07B6  3000               	movlw	0
  1338  07B7  00A3               	movwf	main@buffer+3
  1339                           
  1340                           ;main.c: 77: buffer[2] = 3;
  1341  07B8  3003               	movlw	3
  1342  07B9  00A4               	movwf	main@buffer+4
  1343  07BA  3000               	movlw	0
  1344  07BB  00A5               	movwf	main@buffer+5
  1345                           
  1346                           ;main.c: 78: buffer[3] = 4;
  1347  07BC  3004               	movlw	4
  1348  07BD  00A6               	movwf	main@buffer+6
  1349  07BE  3000               	movlw	0
  1350  07BF  00A7               	movwf	main@buffer+7
  1351                           
  1352                           ;main.c: 79: SPI_write_array(buffer, 3);
  1353  07C0  3003               	movlw	3
  1354  07C1  00F0               	movwf	SPI_write_array@arrayindex
  1355  07C2  3000               	movlw	0
  1356  07C3  00F1               	movwf	SPI_write_array@arrayindex+1
  1357  07C4  3020               	movlw	(low (main@buffer| 0))& (0+255)
  1358  07C5  3187  27C9  3187   	fcall	_SPI_write_array
  1359  07C8  2FAF               	goto	l754
  1360  07C9                     __end_of_main:	
  1361                           
  1362                           	psect	text1
  1363  07C9                     __ptext1:	
  1364 ;; *************** function _SPI_write_array *****************
  1365 ;; Defined at:
  1366 ;;		line 43 in file "SPI.c"
  1367 ;; Parameters:    Size  Location     Type
  1368 ;;  array           1    wreg     PTR int 
  1369 ;;		 -> main@buffer(8), 
  1370 ;;  arrayindex      2    0[COMMON] int 
  1371 ;; Auto vars:     Size  Location     Type
  1372 ;;  array           1    7[COMMON] PTR int 
  1373 ;;		 -> main@buffer(8), 
  1374 ;;  data            2    5[COMMON] int 
  1375 ;;  i               2    8[COMMON] int 
  1376 ;; Return value:  Size  Location     Type
  1377 ;;                  1    wreg      void 
  1378 ;; Registers used:
  1379 ;;		wreg, fsr1l, fsr1h, status,2, status,0
  1380 ;; Tracked objects:
  1381 ;;		On entry : 0/0
  1382 ;;		On exit  : 0/0
  1383 ;;		Unchanged: 0/0
  1384 ;; Data sizes:     COMMON   BANK0   BANK1   BANK2   BANK3   BANK4   BANK5   BANK6   BANK7   BANK8   BANK9  BANK10  BANK1
      +1  BANK12
  1385 ;;      Params:         2       0       0       0       0       0       0       0       0       0       0       0       
      +0       0
  1386 ;;      Locals:         5       0       0       0       0       0       0       0       0       0       0       0       
      +0       0
  1387 ;;      Temps:          3       0       0       0       0       0       0       0       0       0       0       0       
      +0       0
  1388 ;;      Totals:        10       0       0       0       0       0       0       0       0       0       0       0       
      +0       0
  1389 ;;Total ram usage:       10 bytes
  1390 ;; Hardware stack levels used:    1
  1391 ;; This function calls:
  1392 ;;		Nothing
  1393 ;; This function is called by:
  1394 ;;		_main
  1395 ;; This function uses a non-reentrant model
  1396 ;;
  1397                           
  1398                           
  1399                           ;psect for function _SPI_write_array
  1400  07C9                     _SPI_write_array:	
  1401                           
  1402                           ;incstack = 0
  1403                           ; Regs used in _SPI_write_array: [wreg+fsr1l+fsr1h+status,2+status,0]
  1404                           ;SPI_write_array@array stored from wreg
  1405  07C9  00F7               	movwf	SPI_write_array@array
  1406                           
  1407                           ;SPI.c: 44: for(int i = 0; i < arrayindex+1; i++){
  1408  07CA  01F8               	clrf	SPI_write_array@i
  1409  07CB  01F9               	clrf	SPI_write_array@i+1
  1410  07CC                     l750:	
  1411  07CC  0870               	movf	SPI_write_array@arrayindex,w
  1412  07CD  3E01               	addlw	1
  1413  07CE  00F2               	movwf	??_SPI_write_array
  1414  07CF  3000               	movlw	0
  1415  07D0  3D71               	addwfc	SPI_write_array@arrayindex+1,w
  1416  07D1  00F3               	movwf	??_SPI_write_array+1
  1417  07D2  0879               	movf	SPI_write_array@i+1,w
  1418  07D3  3A80               	xorlw	128
  1419  07D4  00F4               	movwf	??_SPI_write_array+2
  1420  07D5  0873               	movf	??_SPI_write_array+1,w
  1421  07D6  3A80               	xorlw	128
  1422  07D7  0274               	subwf	??_SPI_write_array+2,w
  1423  07D8  1D03               	skipz
  1424  07D9  2FDC               	goto	u65
  1425  07DA  0872               	movf	??_SPI_write_array,w
  1426  07DB  0278               	subwf	SPI_write_array@i,w
  1427  07DC                     u65:	
  1428  07DC  1803               	btfsc	3,0
  1429  07DD  0008               	return
  1430                           
  1431                           ;SPI.c: 45: int data = array[i];
  1432  07DE  3578               	lslf	SPI_write_array@i,w
  1433  07DF  0777               	addwf	SPI_write_array@array,w
  1434  07E0  00F2               	movwf	??_SPI_write_array
  1435  07E1  0872               	movf	??_SPI_write_array,w
  1436  07E2  0086               	movwf	6
  1437  07E3  0187               	clrf	7
  1438  07E4  3F40               	moviw [0]fsr1
  1439  07E5  00F5               	movwf	SPI_write_array@data
  1440  07E6  3F41               	moviw [1]fsr1
  1441  07E7  00F6               	movwf	SPI_write_array@data+1
  1442                           
  1443                           ;SPI.c: 46: SSPBUF = data;
  1444  07E8  0875               	movf	SPI_write_array@data,w
  1445  07E9  0024               	movlb	4	; select bank4
  1446  07EA  0091               	movwf	17	;volatile
  1447  07EB                     l46:	
  1448                           ;SPI.c: 47: while(BF == 0);
  1449                           
  1450  07EB  1C14               	btfss	20,0	;volatile
  1451  07EC  2FEB               	goto	l46
  1452                           
  1453                           ;SPI.c: 48: _delay((unsigned long)((500)*(8000000/4000.0)));
  1454  07ED  3006               	movlw	6
  1455  07EE  00F3               	movwf	??_SPI_write_array+1
  1456  07EF  3013               	movlw	19
  1457  07F0  00F2               	movwf	??_SPI_write_array
  1458  07F1  30AE               	movlw	174
  1459  07F2                     u77:	
  1460  07F2  0B89               	decfsz	9,f
  1461  07F3  2FF2               	goto	u77
  1462  07F4  0BF2               	decfsz	??_SPI_write_array,f
  1463  07F5  2FF2               	goto	u77
  1464  07F6  0BF3               	decfsz	??_SPI_write_array+1,f
  1465  07F7  2FF2               	goto	u77
  1466  07F8  3001               	movlw	1
  1467  07F9  07F8               	addwf	SPI_write_array@i,f
  1468  07FA  3000               	movlw	0
  1469  07FB  3DF9               	addwfc	SPI_write_array@i+1,f
  1470  07FC  2FCC               	goto	l750
  1471  07FD                     __end_of_SPI_write_array:	
  1472                           
  1473                           	psect	text2
  1474  0797                     __ptext2:	
  1475 ;; *************** function _SPI_init *****************
  1476 ;; Defined at:
  1477 ;;		line 11 in file "SPI.c"
  1478 ;; Parameters:    Size  Location     Type
  1479 ;;		None
  1480 ;; Auto vars:     Size  Location     Type
  1481 ;;		None
  1482 ;; Return value:  Size  Location     Type
  1483 ;;                  1    wreg      void 
  1484 ;; Registers used:
  1485 ;;		None
  1486 ;; Tracked objects:
  1487 ;;		On entry : 0/0
  1488 ;;		On exit  : 0/0
  1489 ;;		Unchanged: 0/0
  1490 ;; Data sizes:     COMMON   BANK0   BANK1   BANK2   BANK3   BANK4   BANK5   BANK6   BANK7   BANK8   BANK9  BANK10  BANK1
      +1  BANK12
  1491 ;;      Params:         0       0       0       0       0       0       0       0       0       0       0       0       
      +0       0
  1492 ;;      Locals:         0       0       0       0       0       0       0       0       0       0       0       0       
      +0       0
  1493 ;;      Temps:          0       0       0       0       0       0       0       0       0       0       0       0       
      +0       0
  1494 ;;      Totals:         0       0       0       0       0       0       0       0       0       0       0       0       
      +0       0
  1495 ;;Total ram usage:        0 bytes
  1496 ;; Hardware stack levels used:    1
  1497 ;; This function calls:
  1498 ;;		Nothing
  1499 ;; This function is called by:
  1500 ;;		_main
  1501 ;; This function uses a non-reentrant model
  1502 ;;
  1503                           
  1504                           
  1505                           ;psect for function _SPI_init
  1506  0797                     _SPI_init:	
  1507                           
  1508                           ;SPI.c: 13: SSPCON1bits.SSPM0 = 0;
  1509                           
  1510                           ;incstack = 0
  1511                           ; Regs used in _SPI_init: []
  1512  0797  0024               	movlb	4	; select bank4
  1513  0798  1015               	bcf	21,0	;volatile
  1514                           
  1515                           ;SPI.c: 14: SSPCON1bits.SSPM1 = 0;
  1516  0799  1095               	bcf	21,1	;volatile
  1517                           
  1518                           ;SPI.c: 15: SSPCON1bits.SSPM2 = 0;
  1519  079A  1115               	bcf	21,2	;volatile
  1520                           
  1521                           ;SPI.c: 16: SSPCON1bits.SSPM3 = 0;
  1522  079B  1195               	bcf	21,3	;volatile
  1523                           
  1524                           ;SPI.c: 18: SSPCON1bits.SSPEN = 1;
  1525  079C  1695               	bsf	21,5	;volatile
  1526                           
  1527                           ;SPI.c: 20: SSPCON1bits.CKP = 0;
  1528  079D  1215               	bcf	21,4	;volatile
  1529                           
  1530                           ;SPI.c: 21: SSPSTATbits.CKE = 0;
  1531  079E  1314               	bcf	20,6	;volatile
  1532                           
  1533                           ;SPI.c: 23: SSPSTATbits.SMP = 0;
  1534  079F  1394               	bcf	20,7	;volatile
  1535                           
  1536                           ;SPI.c: 25: APFCON1bits.SDOSEL = 1;
  1537  07A0  0022               	movlb	2	; select bank2
  1538  07A1  169D               	bsf	29,5	;volatile
  1539                           
  1540                           ;SPI.c: 26: APFCON1bits.SDISEL = 1;
  1541  07A2  159D               	bsf	29,3	;volatile
  1542                           
  1543                           ;SPI.c: 27: APFCON1bits.SCKSEL = 1;
  1544  07A3  161D               	bsf	29,4	;volatile
  1545                           
  1546                           ;SPI.c: 29: TRISB5 = 0;
  1547  07A4  0021               	movlb	1	; select bank1
  1548  07A5  128D               	bcf	13,5	;volatile
  1549                           
  1550                           ;SPI.c: 30: TRISB6 = 1;
  1551  07A6  170D               	bsf	13,6	;volatile
  1552                           
  1553                           ;SPI.c: 31: TRISB7 = 0;
  1554  07A7  138D               	bcf	13,7	;volatile
  1555                           
  1556                           ;SPI.c: 33: ANSELBbits.ANSB5 = 0;
  1557  07A8  0023               	movlb	3	; select bank3
  1558  07A9  128D               	bcf	13,5	;volatile
  1559                           
  1560                           ;SPI.c: 34: ANSELBbits.ANSB6 = 0;
  1561  07AA  130D               	bcf	13,6	;volatile
  1562  07AB  0008               	return
  1563  07AC                     __end_of_SPI_init:	
  1564  007E                     btemp	set	126	;btemp
  1565  007E                     wtemp0	set	126


Data Sizes:
    Strings     0
    Constant    0
    Data        0
    BSS         0
    Persistent  32
    Stack       0

Auto Spaces:
    Space          Size  Autos    Used
    COMMON           14     10      10
    BANK0            80      8       8
    BANK1            80      0       0
    BANK2            80      0       0
    BANK3            80      0       0
    BANK4            80      0       0
    BANK5            80      0       0
    BANK6            80      0       0
    BANK7            80      0       0
    BANK8            80      0       0
    BANK9            80      0       0
    BANK10           80      0       0
    BANK11           80      0       0
    BANK12           48      0       0

Pointer List with Targets:

    SPI_write_array@array	PTR int  size(1) Largest target is 8
		 -> main@buffer(BANK0[8]), 


Critical Paths under _main in COMMON

    _main->_SPI_write_array

Critical Paths under _main in BANK0

    None.

Critical Paths under _main in BANK1

    None.

Critical Paths under _main in BANK2

    None.

Critical Paths under _main in BANK3

    None.

Critical Paths under _main in BANK4

    None.

Critical Paths under _main in BANK5

    None.

Critical Paths under _main in BANK6

    None.

Critical Paths under _main in BANK7

    None.

Critical Paths under _main in BANK8

    None.

Critical Paths under _main in BANK9

    None.

Critical Paths under _main in BANK10

    None.

Critical Paths under _main in BANK11

    None.

Critical Paths under _main in BANK12

    None.

Call Graph Tables:

 ---------------------------------------------------------------------------------
 (Depth) Function   	        Calls       Base Space   Used Autos Params    Refs
 ---------------------------------------------------------------------------------
 (0) _main                                                 8     8      0     318
                                              0 BANK0      8     8      0
                           _SPI_init
                    _SPI_write_array
 ---------------------------------------------------------------------------------
 (1) _SPI_write_array                                     10     8      2     222
                                              0 COMMON    10     8      2
 ---------------------------------------------------------------------------------
 (1) _SPI_init                                             0     0      0       0
 ---------------------------------------------------------------------------------
 Estimated maximum stack depth 1
 ---------------------------------------------------------------------------------

 Call Graph Graphs:

 _main (ROOT)
   _SPI_init
   _SPI_write_array

 Address spaces:
Name               Size   Autos  Total    Cost      Usage
BIGRAM             3F0      0       0       0        0.0%
EEDATA             100      0       0       0        0.0%
NULL                 0      0       0       0        0.0%
CODE                 0      0       0       0        0.0%
BITCOMMON            E      0       0       1        0.0%
BITSFR0              0      0       0       1        0.0%
SFR0                 0      0       0       1        0.0%
COMMON               E      A       A       2       71.4%
BITSFR1              0      0       0       2        0.0%
SFR1                 0      0       0       2        0.0%
BITSFR2              0      0       0       3        0.0%
SFR2                 0      0       0       3        0.0%
STACK                0      0       0       3        0.0%
BITBANK0            50      0       0       4        0.0%
BITSFR3              0      0       0       4        0.0%
SFR3                 0      0       0       4        0.0%
BANK0               50      8       8       5       10.0%
BITSFR4              0      0       0       5        0.0%
SFR4                 0      0       0       5        0.0%
BITBANK1            50      0       0       6        0.0%
BITSFR5              0      0       0       6        0.0%
SFR5                 0      0       0       6        0.0%
BANK1               50      0       0       7        0.0%
BITSFR6              0      0       0       7        0.0%
SFR6                 0      0       0       7        0.0%
BITBANK2            50      0       0       8        0.0%
BITSFR7              0      0       0       8        0.0%
SFR7                 0      0       0       8        0.0%
BANK2               50      0       0       9        0.0%
BITSFR8              0      0       0       9        0.0%
SFR8                 0      0       0       9        0.0%
BITBANK3            50      0       0      10        0.0%
BITSFR9              0      0       0      10        0.0%
SFR9                 0      0       0      10        0.0%
BANK3               50      0       0      11        0.0%
BITSFR10             0      0       0      11        0.0%
SFR10                0      0       0      11        0.0%
BITBANK4            50      0       0      12        0.0%
BITSFR11             0      0       0      12        0.0%
SFR11                0      0       0      12        0.0%
BANK4               50      0       0      13        0.0%
BITSFR12             0      0       0      13        0.0%
SFR12                0      0       0      13        0.0%
BITBANK5            50      0       0      14        0.0%
BITSFR13             0      0       0      14        0.0%
SFR13                0      0       0      14        0.0%
BANK5               50      0       0      15        0.0%
BITSFR14             0      0       0      15        0.0%
SFR14                0      0       0      15        0.0%
BITBANK6            50      0       0      16        0.0%
BITSFR15             0      0       0      16        0.0%
SFR15                0      0       0      16        0.0%
BANK6               50      0       0      17        0.0%
BITSFR16             0      0       0      17        0.0%
SFR16                0      0       0      17        0.0%
BITBANK7            50      0       0      18        0.0%
BITSFR17             0      0       0      18        0.0%
SFR17                0      0       0      18        0.0%
BANK7               50      0       0      19        0.0%
BITSFR18             0      0       0      19        0.0%
SFR18                0      0       0      19        0.0%
BITSFR19             0      0       0      20        0.0%
SFR19                0      0       0      20        0.0%
ABS                  0      0       0      20        0.0%
BITBANK8            50      0       0      21        0.0%
BITSFR20             0      0       0      21        0.0%
SFR20                0      0       0      21        0.0%
BANK8               50      0       0      22        0.0%
BITSFR21             0      0       0      22        0.0%
SFR21                0      0       0      22        0.0%
BITBANK9            50      0       0      23        0.0%
BITSFR22             0      0       0      23        0.0%
SFR22                0      0       0      23        0.0%
BANK9               50      0       0      24        0.0%
BITSFR23             0      0       0      24        0.0%
SFR23                0      0       0      24        0.0%
BITBANK10           50      0       0      25        0.0%
BITSFR24             0      0       0      25        0.0%
SFR24                0      0       0      25        0.0%
BANK10              50      0       0      26        0.0%
BITSFR25             0      0       0      26        0.0%
SFR25                0      0       0      26        0.0%
BITBANK11           50      0       0      27        0.0%
BITSFR26             0      0       0      27        0.0%
SFR26                0      0       0      27        0.0%
BANK11              50      0       0      28        0.0%
BITSFR27             0      0       0      28        0.0%
SFR27                0      0       0      28        0.0%
BITBANK12           30      0       0      29        0.0%
BITSFR28             0      0       0      29        0.0%
SFR28                0      0       0      29        0.0%
BANK12              30      0       0      30        0.0%
BITSFR29             0      0       0      30        0.0%
SFR29                0      0       0      30        0.0%
BITSFR30             0      0       0      31        0.0%
SFR30                0      0       0      31        0.0%
DATA                 0      0       0      31        0.0%
BITSFR31             0      0       0      32        0.0%
SFR31                0      0       0      32        0.0%


Microchip Technology PIC Macro Assembler V2.05 build -831301201 
Symbol Table                                                                                   Mon Apr 04 11:37:00 2022

              __CFG_CP$OFF 0000                _SSPSTATbits 0214                         _BF 10A0  
                       l46 07EB                         u65 07DC                         u77 07F2  
              __CFG_LVP$ON 0000                        l750 07CC                        l754 07AF  
             __CFG_CPD$OFF 0000               __CFG_BORV$LO 0000                        wreg 0009  
             __CFG_IESO$ON 0000               __CFG_FOSC$HS 0000               __CFG_WRT$OFF 0000  
            __CFG_FCMEN$ON 0000                       _main 07AC                       fsr1h 0007  
                     fsr1l 0006                       btemp 007E                       start 0002  
         ?_SPI_write_array 0070              __CFG_MCLRE$ON 0000                      ?_main 0070  
            __CFG_WDTE$OFF 0000             __CFG_BOREN$OFF 0000           __end_of_SPI_init 07AC  
                    wtemp0 007E            __initialization 07FD               __end_of_main 07C9  
           __CFG_LPBOR$OFF 0000                     ??_main 007A             __CFG_PLLEN$OFF 0000  
                   _TRISB5 046D                     _TRISB6 046E                     _TRISB7 046F  
                   _SSPBUF 0211             __CFG_PWRTE$OFF 0000             __CFG_STVREN$ON 0000  
  __end_of__initialization 07FD             __pcstackCOMMON 0070                  ?_SPI_init 0070  
      SPI_write_array@data 0075            __CFG_VCAPEN$OFF 0000                 __pmaintext 07AC  
               ??_SPI_init 0070           SPI_write_array@i 0078   __size_of_SPI_write_array 0034  
                  __ptext1 07C9                    __ptext2 0797       end_of_initialization 07FD  
               main@buffer 0020        start_initialization 07FD          __size_of_SPI_init 0015  
        ??_SPI_write_array 0072                _APFCON1bits 011D       SPI_write_array@array 0077  
                ___latbits 0002              __pcstackBANK0 0020                   _SPI_init 0797  
SPI_write_array@arrayindex 0070            _SPI_write_array 07C9                 _ANSELBbits 018D  
            __size_of_main 001D          __CFG_CLKOUTEN$OFF 0000    __end_of_SPI_write_array 07FD  
              _SSPCON1bits 0215  
